<?xml version="1.0" encoding="UTF-8"?>
<testng-results skipped="0" failed="0" ignored="1" total="4" passed="3">
  <reporter-output>
  </reporter-output>
  <suite name="Default suite" duration-ms="77" started-at="2018-01-22T13:00:19Z" finished-at="2018-01-22T13:00:19Z">
    <groups>
    </groups>
    <test name="Regeression" duration-ms="77" started-at="2018-01-22T13:00:19Z" finished-at="2018-01-22T13:00:19Z">
      <class name="testngbatch.NewTest">
        <test-method status="PASS" signature="f1()[pri:0, instance:testngbatch.NewTest@e2abd]" name="f1" duration-ms="11" started-at="2018-01-22T18:30:19Z" finished-at="2018-01-22T18:30:19Z">
          <reporter-output>
          </reporter-output>
        </test-method> <!-- f1 -->
        <test-method status="PASS" signature="f3()[pri:0, instance:testngbatch.NewTest@e2abd]" name="f3" duration-ms="1" started-at="2018-01-22T18:30:19Z" finished-at="2018-01-22T18:30:19Z">
          <reporter-output>
          </reporter-output>
        </test-method> <!-- f3 -->
      </class> <!-- testngbatch.NewTest -->
      <class name="testngbatch.NewTest2">
        <test-method status="PASS" signature="f4()[pri:0, instance:testngbatch.NewTest2@13f2bb1]" name="f4" duration-ms="4" started-at="2018-01-22T18:30:19Z" finished-at="2018-01-22T18:30:19Z">
          <reporter-output>
          </reporter-output>
        </test-method> <!-- f4 -->
      </class> <!-- testngbatch.NewTest2 -->
    </test> <!-- Regeression -->
  </suite> <!-- Default suite -->
</testng-results>
