<?xml version="1.0" encoding="UTF-8"?>
<!-- Generated by org.testng.reporters.JUnitXMLReporter -->
<testsuite hostname="Sunil" ignored="1" name="Regeression" tests="3" failures="0" timestamp="22 Jan 2018 13:00:19 GMT" time="0.077" errors="0">
  <testcase name="f1" time="0.011" classname="testngbatch.NewTest"/>
  <testcase name="f3" time="0.001" classname="testngbatch.NewTest"/>
  <testcase name="f4" time="0.004" classname="testngbatch.NewTest2"/>
  <testcase name="f2" time="0.0" classname="testngbatch.NewTest">
    <ignored/>
  </testcase> <!-- f2 -->
</testsuite> <!-- Regeression -->
